<?xml version="1.0" encoding="UTF-8"?>
<!-- Generated by org.testng.reporters.JUnitReportReporter -->
<testsuite name="com.testflightbooking.test.TestOrbitz" tests="1" time="18.011" ignored="0" failures="0" timestamp="13 Feb 2018 10:13:51 GMT" skipped="0" hostname="ICPL11474" errors="0">
  <testcase name="testOrbitz" time="18.011" classname="com.testflightbooking.test.TestOrbitz"/>
</testsuite> <!-- com.testflightbooking.test.TestOrbitz -->
