<?xml version="1.0" encoding="UTF-8"?>
<!-- Generated by org.testng.reporters.JUnitReportReporter -->
<testsuite name="com.testflightbooking.test.DataAssignment" tests="2" time="26.352" ignored="0" failures="0" timestamp="13 Feb 2018 12:23:43 GMT" skipped="0" hostname="ICPL11474" errors="0">
  <testcase name="fetchData" time="6.926" classname="com.testflightbooking.test.DataAssignment"/>
  <testcase name="fetchData" time="19.426" classname="com.testflightbooking.test.DataAssignment"/>
</testsuite> <!-- com.testflightbooking.test.DataAssignment -->
