<?xml version="1.0" encoding="UTF-8"?>
<!-- Generated by org.testng.reporters.JUnitReportReporter -->
<testsuite name="com.qmetry.qaf.automation.step.client.Scenario" tests="1" time="34.652" ignored="0" failures="0" timestamp="13 Feb 2018 05:53:35 GMT" skipped="0" hostname="ICPL11474" errors="0">
  <testcase name="TestFlight" time="34.652" classname="com.qmetry.qaf.automation.step.client.Scenario"/>
</testsuite> <!-- com.qmetry.qaf.automation.step.client.Scenario -->
